# JRE version: OpenJDK Runtime Environment (8.0_162-b12) (build 1.8.0_162-8u162-b12-0ubuntu0.16.04.2-b12)
# Java VM: OpenJDK 64-Bit Server VM (25.162-b12 mixed mode linux-amd64 compressed oops)
Heap:
 PSYoungGen      total 36352K, used 8288K [0x00000000d7f80000, 0x00000000da800000, 0x0000000100000000)
  eden space 31232K, 26% used [0x00000000d7f80000,0x00000000d87980c0,0x00000000d9e00000)
  from space 5120K, 0% used [0x00000000da300000,0x00000000da300000,0x00000000da800000)
  to   space 5120K, 0% used [0x00000000d9e00000,0x00000000d9e00000,0x00000000da300000)
 ParOldGen       total 62464K, used 7485K [0x0000000087e00000, 0x000000008bb00000, 0x00000000d7f80000)
  object space 62464K, 11% used [0x0000000087e00000,0x000000008854f5b0,0x000000008bb00000)
 Metaspace       used 21753K, capacity 21930K, committed 22320K, reserved 1069056K
  class space    used 2612K, capacity 2681K, committed 2688K, reserved 1048576K
GC Heap History (6 events):
Event: 1.812 GC heap before
{Heap before GC invocations=1 (full 0):
 PSYoungGen      total 36352K, used 31232K [0x00000000d7f80000, 0x00000000da800000, 0x0000000100000000)
  eden space 31232K, 100% used [0x00000000d7f80000,0x00000000d9e00000,0x00000000d9e00000)
  from space 5120K, 0% used [0x00000000da300000,0x00000000da300000,0x00000000da800000)
  to   space 5120K, 0% used [0x00000000d9e00000,0x00000000d9e00000,0x00000000da300000)
 ParOldGen       total 83456K, used 0K [0x0000000087e00000, 0x000000008cf80000, 0x00000000d7f80000)
  object space 83456K, 0% used [0x0000000087e00000,0x0000000087e00000,0x000000008cf80000)
 Metaspace       used 19474K, capacity 19690K, committed 19968K, reserved 1067008K
  class space    used 2388K, capacity 2489K, committed 2560K, reserved 1048576K
Event: 1.822 GC heap after
Heap after GC invocations=1 (full 0):
 PSYoungGen      total 36352K, used 5104K [0x00000000d7f80000, 0x00000000da800000, 0x0000000100000000)
  eden space 31232K, 0% used [0x00000000d7f80000,0x00000000d7f80000,0x00000000d9e00000)
  from space 5120K, 99% used [0x00000000d9e00000,0x00000000da2fc0e0,0x00000000da300000)
  to   space 5120K, 0% used [0x00000000da300000,0x00000000da300000,0x00000000da800000)
 ParOldGen       total 83456K, used 2648K [0x0000000087e00000, 0x000000008cf80000, 0x00000000d7f80000)
  object space 83456K, 3% used [0x0000000087e00000,0x0000000088096188,0x000000008cf80000)
 Metaspace       used 19474K, capacity 19690K, committed 19968K, reserved 1067008K
  class space    used 2388K, capacity 2489K, committed 2560K, reserved 1048576K
}
Event: 3.667 GC heap before
{Heap before GC invocations=2 (full 0):
 PSYoungGen      total 36352K, used 15056K [0x00000000d7f80000, 0x00000000da800000, 0x0000000100000000)
  eden space 31232K, 31% used [0x00000000d7f80000,0x00000000d8938288,0x00000000d9e00000)
  from space 5120K, 99% used [0x00000000d9e00000,0x00000000da2fc0e0,0x00000000da300000)
  to   space 5120K, 0% used [0x00000000da300000,0x00000000da300000,0x00000000da800000)
 ParOldGen       total 83456K, used 2648K [0x0000000087e00000, 0x000000008cf80000, 0x00000000d7f80000)
  object space 83456K, 3% used [0x0000000087e00000,0x0000000088096188,0x000000008cf80000)
 Metaspace       used 20773K, capacity 20938K, committed 21296K, reserved 1069056K
  class space    used 2528K, capacity 2585K, committed 2688K, reserved 1048576K
Event: 3.677 GC heap after
Heap after GC invocations=2 (full 0):
 PSYoungGen      total 36352K, used 5088K [0x00000000d7f80000, 0x00000000da800000, 0x0000000100000000)
  eden space 31232K, 0% used [0x00000000d7f80000,0x00000000d7f80000,0x00000000d9e00000)
  from space 5120K, 99% used [0x00000000da300000,0x00000000da7f8150,0x00000000da800000)
  to   space 5120K, 0% used [0x00000000d9e00000,0x00000000d9e00000,0x00000000da300000)
 ParOldGen       total 83456K, used 3358K [0x0000000087e00000, 0x000000008cf80000, 0x00000000d7f80000)
  object space 83456K, 4% used [0x0000000087e00000,0x0000000088147a48,0x000000008cf80000)
 Metaspace       used 20773K, capacity 20938K, committed 21296K, reserved 1069056K
  class space    used 2528K, capacity 2585K, committed 2688K, reserved 1048576K
}
Event: 3.677 GC heap before
{Heap before GC invocations=3 (full 1):
 PSYoungGen      total 36352K, used 5088K [0x00000000d7f80000, 0x00000000da800000, 0x0000000100000000)
  eden space 31232K, 0% used [0x00000000d7f80000,0x00000000d7f80000,0x00000000d9e00000)
  from space 5120K, 99% used [0x00000000da300000,0x00000000da7f8150,0x00000000da800000)
  to   space 5120K, 0% used [0x00000000d9e00000,0x00000000d9e00000,0x00000000da300000)
 ParOldGen       total 83456K, used 3358K [0x0000000087e00000, 0x000000008cf80000, 0x00000000d7f80000)
  object space 83456K, 4% used [0x0000000087e00000,0x0000000088147a48,0x000000008cf80000)
 Metaspace       used 20773K, capacity 20938K, committed 21296K, reserved 1069056K
  class space    used 2528K, capacity 2585K, committed 2688K, reserved 1048576K
Event: 3.714 GC heap after
Heap after GC invocations=3 (full 1):
 PSYoungGen      total 36352K, used 0K [0x00000000d7f80000, 0x00000000da800000, 0x0000000100000000)
  eden space 31232K, 0% used [0x00000000d7f80000,0x00000000d7f80000,0x00000000d9e00000)
  from space 5120K, 0% used [0x00000000da300000,0x00000000da300000,0x00000000da800000)
  to   space 5120K, 0% used [0x00000000d9e00000,0x00000000d9e00000,0x00000000da300000)
 ParOldGen       total 62464K, used 7485K [0x0000000087e00000, 0x000000008bb00000, 0x00000000d7f80000)
  object space 62464K, 11% used [0x0000000087e00000,0x000000008854f5b0,0x000000008bb00000)
 Metaspace       used 20773K, capacity 20938K, committed 21296K, reserved 1069056K
  class space    used 2528K, capacity 2585K, committed 2688K, reserved 1048576K
}

